
> puissance4@1.0.0 run /home/edouard_randu/puissance4/back
> npm run-script build && node lib/app.js


> puissance4@1.0.0 build /home/edouard_randu/puissance4/back
> babel src -d lib

src/Grid.js -> lib/Grid.js
src/Player.js -> lib/Player.js
src/app.js -> lib/app.js
src/utils.js -> lib/utils.js
Puissance 4 listening on port 80!
1
2
[ 0, 0, 0, 0, 0, 0, 0 ]
[ 0, 0, 0, 0, 0, 0, 0 ]
[ 0, 0, 0, 0, 0, 0, 0 ]
[ 0, 0, 0, 0, 0, 0, 0 ]
[ 0, 0, 0, 0, 0, 0, 0 ]
[ 0, 0, 0, '0PWzW2Jnwisv_97SAAAB', 0, 0, 0 ]
[ 0, 0, 0, 0, 0, 0, 0 ]
[ 0, 0, 0, 0, 0, 0, 0 ]
[ 0, 0, 0, 0, 0, 0, 0 ]
[ 0, 0, 0, 0, 0, 0, 0 ]
[ 0, 0, 0, 0, 0, 0, 0 ]
[ 0, '7E-kdH6tUhwhTCXjAAAC', 0, '0PWzW2Jnwisv_97SAAAB', 0, 0, 0 ]
[ 0, 0, 0, 0, 0, 0, 0 ]
[ 0, 0, 0, 0, 0, 0, 0 ]
[ 0, 0, 0, 0, 0, 0, 0 ]
[ 0, 0, 0, 0, 0, 0, 0 ]
[ 0, 0, 0, 0, 0, 0, 0 ]
[ 0,
  '7E-kdH6tUhwhTCXjAAAC',
  '0PWzW2Jnwisv_97SAAAB',
  '0PWzW2Jnwisv_97SAAAB',
  0,
  0,
  0 ]
[ 0, 0, 0, 0, 0, 0, 0 ]
[ 0, 0, 0, 0, 0, 0, 0 ]
[ 0, 0, 0, 0, 0, 0, 0 ]
[ 0, 0, 0, 0, 0, 0, 0 ]
[ 0, 0, 0, 0, 0, 0, 0 ]
[ 0,
  '7E-kdH6tUhwhTCXjAAAC',
  '0PWzW2Jnwisv_97SAAAB',
  '0PWzW2Jnwisv_97SAAAB',
  '7E-kdH6tUhwhTCXjAAAC',
  0,
  0 ]
4
2
5
3
4
2
[ 0, 0, 0, 0, 0, 0, 0 ]
[ 0, 0, 0, 0, 0, 0, 0 ]
[ 0, 0, 0, 0, 0, 0, 0 ]
[ 0, 0, 0, 0, 0, 0, 0 ]
[ 0, 0, '0PWzW2Jnwisv_97SAAAB', 0, 0, 0, 0 ]
[ 0,
  '7E-kdH6tUhwhTCXjAAAC',
  '0PWzW2Jnwisv_97SAAAB',
  '0PWzW2Jnwisv_97SAAAB',
  '7E-kdH6tUhwhTCXjAAAC',
  0,
  0 ]
3
2
3
2
[ 0, 0, 0, 0, 0, 0, 0 ]
[ 0, 0, 0, 0, 0, 0, 0 ]
[ 0, 0, 0, 0, 0, 0, 0 ]
[ 0, 0, '7E-kdH6tUhwhTCXjAAAC', 0, 0, 0, 0 ]
[ 0, 0, '0PWzW2Jnwisv_97SAAAB', 0, 0, 0, 0 ]
[ 0,
  '7E-kdH6tUhwhTCXjAAAC',
  '0PWzW2Jnwisv_97SAAAB',
  '0PWzW2Jnwisv_97SAAAB',
  '7E-kdH6tUhwhTCXjAAAC',
  0,
  0 ]
4
1
5
2
4
1
[ 0, 0, 0, 0, 0, 0, 0 ]
[ 0, 0, 0, 0, 0, 0, 0 ]
[ 0, 0, 0, 0, 0, 0, 0 ]
[ 0, 0, '7E-kdH6tUhwhTCXjAAAC', 0, 0, 0, 0 ]
[ 0, '0PWzW2Jnwisv_97SAAAB', '0PWzW2Jnwisv_97SAAAB', 0, 0, 0, 0 ]
[ 0,
  '7E-kdH6tUhwhTCXjAAAC',
  '0PWzW2Jnwisv_97SAAAB',
  '0PWzW2Jnwisv_97SAAAB',
  '7E-kdH6tUhwhTCXjAAAC',
  0,
  0 ]
[ 0, 0, 0, 0, 0, 0, 0 ]
[ 0, 0, 0, 0, 0, 0, 0 ]
[ 0, 0, 0, 0, 0, 0, 0 ]
[ 0, 0, '7E-kdH6tUhwhTCXjAAAC', 0, 0, 0, 0 ]
[ 0, '0PWzW2Jnwisv_97SAAAB', '0PWzW2Jnwisv_97SAAAB', 0, 0, 0, 0 ]
[ 0,
  '7E-kdH6tUhwhTCXjAAAC',
  '0PWzW2Jnwisv_97SAAAB',
  '0PWzW2Jnwisv_97SAAAB',
  '7E-kdH6tUhwhTCXjAAAC',
  0,
  '7E-kdH6tUhwhTCXjAAAC' ]
4
3
4
3
5
2
[ 0, 0, 0, 0, 0, 0, 0 ]
[ 0, 0, 0, 0, 0, 0, 0 ]
[ 0, 0, 0, 0, 0, 0, 0 ]
[ 0, 0, '7E-kdH6tUhwhTCXjAAAC', 0, 0, 0, 0 ]
[ 0,
  '0PWzW2Jnwisv_97SAAAB',
  '0PWzW2Jnwisv_97SAAAB',
  '0PWzW2Jnwisv_97SAAAB',
  0,
  0,
  0 ]
[ 0,
  '7E-kdH6tUhwhTCXjAAAC',
  '0PWzW2Jnwisv_97SAAAB',
  '0PWzW2Jnwisv_97SAAAB',
  '7E-kdH6tUhwhTCXjAAAC',
  0,
  '7E-kdH6tUhwhTCXjAAAC' ]
4
4
4
4
[ 0, 0, 0, 0, 0, 0, 0 ]
[ 0, 0, 0, 0, 0, 0, 0 ]
[ 0, 0, 0, 0, 0, 0, 0 ]
[ 0, 0, '7E-kdH6tUhwhTCXjAAAC', 0, 0, 0, 0 ]
[ 0,
  '0PWzW2Jnwisv_97SAAAB',
  '0PWzW2Jnwisv_97SAAAB',
  '0PWzW2Jnwisv_97SAAAB',
  '7E-kdH6tUhwhTCXjAAAC',
  0,
  0 ]
[ 0,
  '7E-kdH6tUhwhTCXjAAAC',
  '0PWzW2Jnwisv_97SAAAB',
  '0PWzW2Jnwisv_97SAAAB',
  '7E-kdH6tUhwhTCXjAAAC',
  0,
  '7E-kdH6tUhwhTCXjAAAC' ]
3
4
3
4
4
3
5
2
[ 0, 0, 0, 0, 0, 0, 0 ]
[ 0, 0, 0, 0, 0, 0, 0 ]
[ 0, 0, 0, 0, 0, 0, 0 ]
[ 0, 0, '7E-kdH6tUhwhTCXjAAAC', 0, '0PWzW2Jnwisv_97SAAAB', 0, 0 ]
[ 0,
  '0PWzW2Jnwisv_97SAAAB',
  '0PWzW2Jnwisv_97SAAAB',
  '0PWzW2Jnwisv_97SAAAB',
  '7E-kdH6tUhwhTCXjAAAC',
  0,
  0 ]
[ 0,
  '7E-kdH6tUhwhTCXjAAAC',
  '0PWzW2Jnwisv_97SAAAB',
  '0PWzW2Jnwisv_97SAAAB',
  '7E-kdH6tUhwhTCXjAAAC',
  0,
  '7E-kdH6tUhwhTCXjAAAC' ]
[ 0, 0, 0, 0, 0, 0, 0 ]
[ 0, 0, 0, 0, 0, 0, 0 ]
[ 0, 0, 0, 0, 0, 0, 0 ]
[ 0, 0, '7E-kdH6tUhwhTCXjAAAC', 0, '0PWzW2Jnwisv_97SAAAB', 0, 0 ]
[ 0,
  '0PWzW2Jnwisv_97SAAAB',
  '0PWzW2Jnwisv_97SAAAB',
  '0PWzW2Jnwisv_97SAAAB',
  '7E-kdH6tUhwhTCXjAAAC',
  0,
  0 ]
[ 0,
  '7E-kdH6tUhwhTCXjAAAC',
  '0PWzW2Jnwisv_97SAAAB',
  '0PWzW2Jnwisv_97SAAAB',
  '7E-kdH6tUhwhTCXjAAAC',
  '7E-kdH6tUhwhTCXjAAAC',
  '7E-kdH6tUhwhTCXjAAAC' ]
4
5
4
5
[ 0, 0, 0, 0, 0, 0, 0 ]
[ 0, 0, 0, 0, 0, 0, 0 ]
[ 0, 0, 0, 0, 0, 0, 0 ]
[ 0, 0, '7E-kdH6tUhwhTCXjAAAC', 0, '0PWzW2Jnwisv_97SAAAB', 0, 0 ]
[ 0,
  '0PWzW2Jnwisv_97SAAAB',
  '0PWzW2Jnwisv_97SAAAB',
  '0PWzW2Jnwisv_97SAAAB',
  '7E-kdH6tUhwhTCXjAAAC',
  '0PWzW2Jnwisv_97SAAAB',
  0 ]
[ 0,
  '7E-kdH6tUhwhTCXjAAAC',
  '0PWzW2Jnwisv_97SAAAB',
  '0PWzW2Jnwisv_97SAAAB',
  '7E-kdH6tUhwhTCXjAAAC',
  '7E-kdH6tUhwhTCXjAAAC',
  '7E-kdH6tUhwhTCXjAAAC' ]
3
5
3
5
4
4
[ 0, 0, 0, 0, 0, 0, 0 ]
[ 0, 0, 0, 0, 0, 0, 0 ]
[ 0, 0, 0, 0, 0, 0, 0 ]
[ 0,
  0,
  '7E-kdH6tUhwhTCXjAAAC',
  0,
  '0PWzW2Jnwisv_97SAAAB',
  '7E-kdH6tUhwhTCXjAAAC',
  0 ]
[ 0,
  '0PWzW2Jnwisv_97SAAAB',
  '0PWzW2Jnwisv_97SAAAB',
  '0PWzW2Jnwisv_97SAAAB',
  '7E-kdH6tUhwhTCXjAAAC',
  '0PWzW2Jnwisv_97SAAAB',
  0 ]
[ 0,
  '7E-kdH6tUhwhTCXjAAAC',
  '0PWzW2Jnwisv_97SAAAB',
  '0PWzW2Jnwisv_97SAAAB',
  '7E-kdH6tUhwhTCXjAAAC',
  '7E-kdH6tUhwhTCXjAAAC',
  '7E-kdH6tUhwhTCXjAAAC' ]
2
5
2
5
3
4
4
3
5
2
[ 0, 0, 0, 0, 0, 0, 0 ]
[ 0, 0, 0, 0, 0, 0, 0 ]
[ 0, 0, 0, 0, 0, '0PWzW2Jnwisv_97SAAAB', 0 ]
[ 0,
  0,
  '7E-kdH6tUhwhTCXjAAAC',
  0,
  '0PWzW2Jnwisv_97SAAAB',
  '7E-kdH6tUhwhTCXjAAAC',
  0 ]
[ 0,
  '0PWzW2Jnwisv_97SAAAB',
  '0PWzW2Jnwisv_97SAAAB',
  '0PWzW2Jnwisv_97SAAAB',
  '7E-kdH6tUhwhTCXjAAAC',
  '0PWzW2Jnwisv_97SAAAB',
  0 ]
[ 0,
  '7E-kdH6tUhwhTCXjAAAC',
  '0PWzW2Jnwisv_97SAAAB',
  '0PWzW2Jnwisv_97SAAAB',
  '7E-kdH6tUhwhTCXjAAAC',
  '7E-kdH6tUhwhTCXjAAAC',
  '7E-kdH6tUhwhTCXjAAAC' ]
victoire
2
1
2
[ 0, 0, 0, 0, 0, 0, 0 ]
[ 0, 0, 0, 0, 0, 0, 0 ]
[ 0, 0, 0, 0, 0, 0, 0 ]
[ 0, 0, 0, 0, 0, 0, 0 ]
[ 0, 0, 0, 0, 0, 0, 0 ]
[ 0, 0, 0, 'SqpWosFdEs_H0pzAAAAH', 0, 0, 0 ]
1
1
1
2
[ 0, 0, 0, 0, 0, 0, 0 ]
[ 0, 0, 0, 0, 0, 0, 0 ]
[ 0, 0, 0, 0, 0, 0, 0 ]
[ 0, 0, 0, 0, 0, 0, 0 ]
[ 0, 0, 0, 0, 0, 0, 0 ]
[ 0, 0, 0, 'oRkesgU_g-Ahqc2eAAAl', 0, 0, 0 ]
[ 0, 0, 0, 0, 0, 0, 0 ]
[ 0, 0, 0, 0, 0, 0, 0 ]
[ 0, 0, 0, 0, 0, 0, 0 ]
[ 0, 0, 0, 0, 0, 0, 0 ]
[ 0, 0, 0, 0, 0, 0, 0 ]
[ 0, 0, 'BJhs1B0Al4TAiX3kAAAm', 'oRkesgU_g-Ahqc2eAAAl', 0, 0, 0 ]
4
2
5
3
4
2
[ 0, 0, 0, 0, 0, 0, 0 ]
[ 0, 0, 0, 0, 0, 0, 0 ]
[ 0, 0, 0, 0, 0, 0, 0 ]
[ 0, 0, 0, 0, 0, 0, 0 ]
[ 0, 0, 'oRkesgU_g-Ahqc2eAAAl', 0, 0, 0, 0 ]
[ 0, 0, 'BJhs1B0Al4TAiX3kAAAm', 'oRkesgU_g-Ahqc2eAAAl', 0, 0, 0 ]
[ 0, 0, 0, 0, 0, 0, 0 ]
[ 0, 0, 0, 0, 0, 0, 0 ]
[ 0, 0, 0, 0, 0, 0, 0 ]
[ 0, 0, 0, 0, 0, 0, 0 ]
[ 0, 0, 'oRkesgU_g-Ahqc2eAAAl', 0, 0, 0, 0 ]
[ 0,
  'BJhs1B0Al4TAiX3kAAAm',
  'BJhs1B0Al4TAiX3kAAAm',
  'oRkesgU_g-Ahqc2eAAAl',
  0,
  0,
  0 ]
4
1
4
1
[ 0, 0, 0, 0, 0, 0, 0 ]
[ 0, 0, 0, 0, 0, 0, 0 ]
[ 0, 0, 0, 0, 0, 0, 0 ]
[ 0, 0, 0, 0, 0, 0, 0 ]
[ 0, 'oRkesgU_g-Ahqc2eAAAl', 'oRkesgU_g-Ahqc2eAAAl', 0, 0, 0, 0 ]
[ 0,
  'BJhs1B0Al4TAiX3kAAAm',
  'BJhs1B0Al4TAiX3kAAAm',
  'oRkesgU_g-Ahqc2eAAAl',
  0,
  0,
  0 ]
[ 0, 0, 0, 0, 0, 0, 0 ]
[ 0, 0, 0, 0, 0, 0, 0 ]
[ 0, 0, 0, 0, 0, 0, 0 ]
[ 0, 0, 0, 0, 0, 0, 0 ]
[ 0, 'oRkesgU_g-Ahqc2eAAAl', 'oRkesgU_g-Ahqc2eAAAl', 0, 0, 0, 0 ]
[ 'BJhs1B0Al4TAiX3kAAAm',
  'BJhs1B0Al4TAiX3kAAAm',
  'BJhs1B0Al4TAiX3kAAAm',
  'oRkesgU_g-Ahqc2eAAAl',
  0,
  0,
  0 ]
3
1
4
2
5
3
3
1
[ 0, 0, 0, 0, 0, 0, 0 ]
[ 0, 0, 0, 0, 0, 0, 0 ]
[ 0, 0, 0, 0, 0, 0, 0 ]
[ 0, 'oRkesgU_g-Ahqc2eAAAl', 0, 0, 0, 0, 0 ]
[ 0, 'oRkesgU_g-Ahqc2eAAAl', 'oRkesgU_g-Ahqc2eAAAl', 0, 0, 0, 0 ]
[ 'BJhs1B0Al4TAiX3kAAAm',
  'BJhs1B0Al4TAiX3kAAAm',
  'BJhs1B0Al4TAiX3kAAAm',
  'oRkesgU_g-Ahqc2eAAAl',
  0,
  0,
  0 ]
4
0
5
1
4
0
[ 0, 0, 0, 0, 0, 0, 0 ]
[ 0, 0, 0, 0, 0, 0, 0 ]
[ 0, 0, 0, 0, 0, 0, 0 ]
[ 0, 'oRkesgU_g-Ahqc2eAAAl', 0, 0, 0, 0, 0 ]
[ 'BJhs1B0Al4TAiX3kAAAm',
  'oRkesgU_g-Ahqc2eAAAl',
  'oRkesgU_g-Ahqc2eAAAl',
  0,
  0,
  0,
  0 ]
[ 'BJhs1B0Al4TAiX3kAAAm',
  'BJhs1B0Al4TAiX3kAAAm',
  'BJhs1B0Al4TAiX3kAAAm',
  'oRkesgU_g-Ahqc2eAAAl',
  0,
  0,
  0 ]
3
0
4
1
3
0
[ 0, 0, 0, 0, 0, 0, 0 ]
[ 0, 0, 0, 0, 0, 0, 0 ]
[ 0, 0, 0, 0, 0, 0, 0 ]
[ 'oRkesgU_g-Ahqc2eAAAl', 'oRkesgU_g-Ahqc2eAAAl', 0, 0, 0, 0, 0 ]
[ 'BJhs1B0Al4TAiX3kAAAm',
  'oRkesgU_g-Ahqc2eAAAl',
  'oRkesgU_g-Ahqc2eAAAl',
  0,
  0,
  0,
  0 ]
[ 'BJhs1B0Al4TAiX3kAAAm',
  'BJhs1B0Al4TAiX3kAAAm',
  'BJhs1B0Al4TAiX3kAAAm',
  'oRkesgU_g-Ahqc2eAAAl',
  0,
  0,
  0 ]
[ 0, 0, 0, 0, 0, 0, 0 ]
[ 0, 0, 0, 0, 0, 0, 0 ]
[ 0, 0, 0, 0, 0, 0, 0 ]
[ 'oRkesgU_g-Ahqc2eAAAl', 'oRkesgU_g-Ahqc2eAAAl', 0, 0, 0, 0, 0 ]
[ 'BJhs1B0Al4TAiX3kAAAm',
  'oRkesgU_g-Ahqc2eAAAl',
  'oRkesgU_g-Ahqc2eAAAl',
  0,
  0,
  0,
  0 ]
[ 'BJhs1B0Al4TAiX3kAAAm',
  'BJhs1B0Al4TAiX3kAAAm',
  'BJhs1B0Al4TAiX3kAAAm',
  'oRkesgU_g-Ahqc2eAAAl',
  0,
  'BJhs1B0Al4TAiX3kAAAm',
  0 ]
2
0
3
1
4
2
5
3
2
0
[ 0, 0, 0, 0, 0, 0, 0 ]
[ 0, 0, 0, 0, 0, 0, 0 ]
[ 'oRkesgU_g-Ahqc2eAAAl', 0, 0, 0, 0, 0, 0 ]
[ 'oRkesgU_g-Ahqc2eAAAl', 'oRkesgU_g-Ahqc2eAAAl', 0, 0, 0, 0, 0 ]
[ 'BJhs1B0Al4TAiX3kAAAm',
  'oRkesgU_g-Ahqc2eAAAl',
  'oRkesgU_g-Ahqc2eAAAl',
  0,
  0,
  0,
  0 ]
[ 'BJhs1B0Al4TAiX3kAAAm',
  'BJhs1B0Al4TAiX3kAAAm',
  'BJhs1B0Al4TAiX3kAAAm',
  'oRkesgU_g-Ahqc2eAAAl',
  0,
  'BJhs1B0Al4TAiX3kAAAm',
  0 ]
victoire
2
[ 0, 0, 0, 0, 0, 0, 0 ]
[ 0, 0, 0, 0, 0, 0, 0 ]
[ 0, 0, 0, 0, 0, 0, 0 ]
[ 0, 0, 0, 0, 0, 0, 0 ]
[ 0, 0, 0, 0, 0, 0, 0 ]
[ 0, 0, 0, 'BJhs1B0Al4TAiX3kAAAm', 0, 0, 0 ]
4
3
4
3
[ 0, 0, 0, 0, 0, 0, 0 ]
[ 0, 0, 0, 0, 0, 0, 0 ]
[ 0, 0, 0, 0, 0, 0, 0 ]
[ 0, 0, 0, 0, 0, 0, 0 ]
[ 0, 0, 0, 'oRkesgU_g-Ahqc2eAAAl', 0, 0, 0 ]
[ 0, 0, 0, 'BJhs1B0Al4TAiX3kAAAm', 0, 0, 0 ]
3
3
3
3
[ 0, 0, 0, 0, 0, 0, 0 ]
[ 0, 0, 0, 0, 0, 0, 0 ]
[ 0, 0, 0, 0, 0, 0, 0 ]
[ 0, 0, 0, 'BJhs1B0Al4TAiX3kAAAm', 0, 0, 0 ]
[ 0, 0, 0, 'oRkesgU_g-Ahqc2eAAAl', 0, 0, 0 ]
[ 0, 0, 0, 'BJhs1B0Al4TAiX3kAAAm', 0, 0, 0 ]
2
3
2
3
[ 0, 0, 0, 0, 0, 0, 0 ]
[ 0, 0, 0, 0, 0, 0, 0 ]
[ 0, 0, 0, 'oRkesgU_g-Ahqc2eAAAl', 0, 0, 0 ]
[ 0, 0, 0, 'BJhs1B0Al4TAiX3kAAAm', 0, 0, 0 ]
[ 0, 0, 0, 'oRkesgU_g-Ahqc2eAAAl', 0, 0, 0 ]
[ 0, 0, 0, 'BJhs1B0Al4TAiX3kAAAm', 0, 0, 0 ]
[ 0, 0, 0, 0, 0, 0, 0 ]
[ 0, 0, 0, 0, 0, 0, 0 ]
[ 0, 0, 0, 'oRkesgU_g-Ahqc2eAAAl', 0, 0, 0 ]
[ 0, 0, 0, 'BJhs1B0Al4TAiX3kAAAm', 0, 0, 0 ]
[ 0, 0, 0, 'oRkesgU_g-Ahqc2eAAAl', 0, 0, 0 ]
[ 0, 0, 0, 'BJhs1B0Al4TAiX3kAAAm', 'BJhs1B0Al4TAiX3kAAAm', 0, 0 ]
4
4
4
4
[ 0, 0, 0, 0, 0, 0, 0 ]
[ 0, 0, 0, 0, 0, 0, 0 ]
[ 0, 0, 0, 'oRkesgU_g-Ahqc2eAAAl', 0, 0, 0 ]
[ 0, 0, 0, 'BJhs1B0Al4TAiX3kAAAm', 0, 0, 0 ]
[ 0, 0, 0, 'oRkesgU_g-Ahqc2eAAAl', 'oRkesgU_g-Ahqc2eAAAl', 0, 0 ]
[ 0, 0, 0, 'BJhs1B0Al4TAiX3kAAAm', 'BJhs1B0Al4TAiX3kAAAm', 0, 0 ]
3
4
3
4
[ 0, 0, 0, 0, 0, 0, 0 ]
[ 0, 0, 0, 0, 0, 0, 0 ]
[ 0, 0, 0, 'oRkesgU_g-Ahqc2eAAAl', 0, 0, 0 ]
[ 0, 0, 0, 'BJhs1B0Al4TAiX3kAAAm', 'BJhs1B0Al4TAiX3kAAAm', 0, 0 ]
[ 0, 0, 0, 'oRkesgU_g-Ahqc2eAAAl', 'oRkesgU_g-Ahqc2eAAAl', 0, 0 ]
[ 0, 0, 0, 'BJhs1B0Al4TAiX3kAAAm', 'BJhs1B0Al4TAiX3kAAAm', 0, 0 ]
2
4
2
4
[ 0, 0, 0, 0, 0, 0, 0 ]
[ 0, 0, 0, 0, 0, 0, 0 ]
[ 0, 0, 0, 'oRkesgU_g-Ahqc2eAAAl', 'oRkesgU_g-Ahqc2eAAAl', 0, 0 ]
[ 0, 0, 0, 'BJhs1B0Al4TAiX3kAAAm', 'BJhs1B0Al4TAiX3kAAAm', 0, 0 ]
[ 0, 0, 0, 'oRkesgU_g-Ahqc2eAAAl', 'oRkesgU_g-Ahqc2eAAAl', 0, 0 ]
[ 0, 0, 0, 'BJhs1B0Al4TAiX3kAAAm', 'BJhs1B0Al4TAiX3kAAAm', 0, 0 ]
[ 0, 0, 0, 0, 0, 0, 0 ]
[ 0, 0, 0, 0, 0, 0, 0 ]
[ 0, 0, 0, 'oRkesgU_g-Ahqc2eAAAl', 'oRkesgU_g-Ahqc2eAAAl', 0, 0 ]
[ 0, 0, 0, 'BJhs1B0Al4TAiX3kAAAm', 'BJhs1B0Al4TAiX3kAAAm', 0, 0 ]
[ 0, 0, 0, 'oRkesgU_g-Ahqc2eAAAl', 'oRkesgU_g-Ahqc2eAAAl', 0, 0 ]
[ 0,
  0,
  'BJhs1B0Al4TAiX3kAAAm',
  'BJhs1B0Al4TAiX3kAAAm',
  'BJhs1B0Al4TAiX3kAAAm',
  0,
  0 ]
[ 0, 0, 0, 0, 0, 0, 0 ]
[ 0, 0, 0, 0, 0, 0, 0 ]
[ 0, 0, 0, 'oRkesgU_g-Ahqc2eAAAl', 'oRkesgU_g-Ahqc2eAAAl', 0, 0 ]
[ 0, 0, 0, 'BJhs1B0Al4TAiX3kAAAm', 'BJhs1B0Al4TAiX3kAAAm', 0, 0 ]
[ 0, 0, 0, 'oRkesgU_g-Ahqc2eAAAl', 'oRkesgU_g-Ahqc2eAAAl', 0, 0 ]
[ 0,
  'oRkesgU_g-Ahqc2eAAAl',
  'BJhs1B0Al4TAiX3kAAAm',
  'BJhs1B0Al4TAiX3kAAAm',
  'BJhs1B0Al4TAiX3kAAAm',
  0,
  0 ]
4
2
5
3
4
2
[ 0, 0, 0, 0, 0, 0, 0 ]
[ 0, 0, 0, 0, 0, 0, 0 ]
[ 0, 0, 0, 'oRkesgU_g-Ahqc2eAAAl', 'oRkesgU_g-Ahqc2eAAAl', 0, 0 ]
[ 0, 0, 0, 'BJhs1B0Al4TAiX3kAAAm', 'BJhs1B0Al4TAiX3kAAAm', 0, 0 ]
[ 0,
  0,
  'BJhs1B0Al4TAiX3kAAAm',
  'oRkesgU_g-Ahqc2eAAAl',
  'oRkesgU_g-Ahqc2eAAAl',
  0,
  0 ]
[ 0,
  'oRkesgU_g-Ahqc2eAAAl',
  'BJhs1B0Al4TAiX3kAAAm',
  'BJhs1B0Al4TAiX3kAAAm',
  'BJhs1B0Al4TAiX3kAAAm',
  0,
  0 ]
3
2
4
3
3
2
[ 0, 0, 0, 0, 0, 0, 0 ]
[ 0, 0, 0, 0, 0, 0, 0 ]
[ 0, 0, 0, 'oRkesgU_g-Ahqc2eAAAl', 'oRkesgU_g-Ahqc2eAAAl', 0, 0 ]
[ 0,
  0,
  'oRkesgU_g-Ahqc2eAAAl',
  'BJhs1B0Al4TAiX3kAAAm',
  'BJhs1B0Al4TAiX3kAAAm',
  0,
  0 ]
[ 0,
  0,
  'BJhs1B0Al4TAiX3kAAAm',
  'oRkesgU_g-Ahqc2eAAAl',
  'oRkesgU_g-Ahqc2eAAAl',
  0,
  0 ]
[ 0,
  'oRkesgU_g-Ahqc2eAAAl',
  'BJhs1B0Al4TAiX3kAAAm',
  'BJhs1B0Al4TAiX3kAAAm',
  'BJhs1B0Al4TAiX3kAAAm',
  0,
  0 ]
2
2
3
3
2
2
[ 0, 0, 0, 0, 0, 0, 0 ]
[ 0, 0, 0, 0, 0, 0, 0 ]
[ 0,
  0,
  'BJhs1B0Al4TAiX3kAAAm',
  'oRkesgU_g-Ahqc2eAAAl',
  'oRkesgU_g-Ahqc2eAAAl',
  0,
  0 ]
[ 0,
  0,
  'oRkesgU_g-Ahqc2eAAAl',
  'BJhs1B0Al4TAiX3kAAAm',
  'BJhs1B0Al4TAiX3kAAAm',
  0,
  0 ]
[ 0,
  0,
  'BJhs1B0Al4TAiX3kAAAm',
  'oRkesgU_g-Ahqc2eAAAl',
  'oRkesgU_g-Ahqc2eAAAl',
  0,
  0 ]
[ 0,
  'oRkesgU_g-Ahqc2eAAAl',
  'BJhs1B0Al4TAiX3kAAAm',
  'BJhs1B0Al4TAiX3kAAAm',
  'BJhs1B0Al4TAiX3kAAAm',
  0,
  0 ]
4
1
4
1
[ 0, 0, 0, 0, 0, 0, 0 ]
[ 0, 0, 0, 0, 0, 0, 0 ]
[ 0,
  0,
  'BJhs1B0Al4TAiX3kAAAm',
  'oRkesgU_g-Ahqc2eAAAl',
  'oRkesgU_g-Ahqc2eAAAl',
  0,
  0 ]
[ 0,
  0,
  'oRkesgU_g-Ahqc2eAAAl',
  'BJhs1B0Al4TAiX3kAAAm',
  'BJhs1B0Al4TAiX3kAAAm',
  0,
  0 ]
[ 0,
  'oRkesgU_g-Ahqc2eAAAl',
  'BJhs1B0Al4TAiX3kAAAm',
  'oRkesgU_g-Ahqc2eAAAl',
  'oRkesgU_g-Ahqc2eAAAl',
  0,
  0 ]
[ 0,
  'oRkesgU_g-Ahqc2eAAAl',
  'BJhs1B0Al4TAiX3kAAAm',
  'BJhs1B0Al4TAiX3kAAAm',
  'BJhs1B0Al4TAiX3kAAAm',
  0,
  0 ]
1
2
1
2
[ 0, 0, 0, 0, 0, 0, 0 ]
[ 0, 0, 'BJhs1B0Al4TAiX3kAAAm', 0, 0, 0, 0 ]
[ 0,
  0,
  'BJhs1B0Al4TAiX3kAAAm',
  'oRkesgU_g-Ahqc2eAAAl',
  'oRkesgU_g-Ahqc2eAAAl',
  0,
  0 ]
[ 0,
  0,
  'oRkesgU_g-Ahqc2eAAAl',
  'BJhs1B0Al4TAiX3kAAAm',
  'BJhs1B0Al4TAiX3kAAAm',
  0,
  0 ]
[ 0,
  'oRkesgU_g-Ahqc2eAAAl',
  'BJhs1B0Al4TAiX3kAAAm',
  'oRkesgU_g-Ahqc2eAAAl',
  'oRkesgU_g-Ahqc2eAAAl',
  0,
  0 ]
[ 0,
  'oRkesgU_g-Ahqc2eAAAl',
  'BJhs1B0Al4TAiX3kAAAm',
  'BJhs1B0Al4TAiX3kAAAm',
  'BJhs1B0Al4TAiX3kAAAm',
  0,
  0 ]
1
4
1
4
2
3
3
2
4
1
[ 0, 0, 0, 0, 0, 0, 0 ]
[ 0, 0, 'BJhs1B0Al4TAiX3kAAAm', 0, 'oRkesgU_g-Ahqc2eAAAl', 0, 0 ]
[ 0,
  0,
  'BJhs1B0Al4TAiX3kAAAm',
  'oRkesgU_g-Ahqc2eAAAl',
  'oRkesgU_g-Ahqc2eAAAl',
  0,
  0 ]
[ 0,
  0,
  'oRkesgU_g-Ahqc2eAAAl',
  'BJhs1B0Al4TAiX3kAAAm',
  'BJhs1B0Al4TAiX3kAAAm',
  0,
  0 ]
[ 0,
  'oRkesgU_g-Ahqc2eAAAl',
  'BJhs1B0Al4TAiX3kAAAm',
  'oRkesgU_g-Ahqc2eAAAl',
  'oRkesgU_g-Ahqc2eAAAl',
  0,
  0 ]
[ 0,
  'oRkesgU_g-Ahqc2eAAAl',
  'BJhs1B0Al4TAiX3kAAAm',
  'BJhs1B0Al4TAiX3kAAAm',
  'BJhs1B0Al4TAiX3kAAAm',
  0,
  0 ]
victoire
2
[ 0, 0, 0, 0, 0, 0, 0 ]
[ 0, 0, 0, 0, 0, 0, 0 ]
[ 0, 0, 0, 0, 0, 0, 0 ]
[ 0, 0, 0, 0, 0, 0, 0 ]
[ 0, 0, 0, 0, 0, 0, 0 ]
[ 0, 0, 0, 'BJhs1B0Al4TAiX3kAAAm', 0, 0, 0 ]
4
3
4
3
[ 0, 0, 0, 0, 0, 0, 0 ]
[ 0, 0, 0, 0, 0, 0, 0 ]
[ 0, 0, 0, 0, 0, 0, 0 ]
[ 0, 0, 0, 0, 0, 0, 0 ]
[ 0, 0, 0, 'oRkesgU_g-Ahqc2eAAAl', 0, 0, 0 ]
[ 0, 0, 0, 'BJhs1B0Al4TAiX3kAAAm', 0, 0, 0 ]
3
3
3
3
[ 0, 0, 0, 0, 0, 0, 0 ]
[ 0, 0, 0, 0, 0, 0, 0 ]
[ 0, 0, 0, 0, 0, 0, 0 ]
[ 0, 0, 0, 'BJhs1B0Al4TAiX3kAAAm', 0, 0, 0 ]
[ 0, 0, 0, 'oRkesgU_g-Ahqc2eAAAl', 0, 0, 0 ]
[ 0, 0, 0, 'BJhs1B0Al4TAiX3kAAAm', 0, 0, 0 ]
[ 0, 0, 0, 0, 0, 0, 0 ]
[ 0, 0, 0, 0, 0, 0, 0 ]
[ 0, 0, 0, 0, 0, 0, 0 ]
[ 0, 0, 0, 'BJhs1B0Al4TAiX3kAAAm', 0, 0, 0 ]
[ 0, 0, 0, 'oRkesgU_g-Ahqc2eAAAl', 0, 0, 0 ]
[ 0, 0, 0, 'BJhs1B0Al4TAiX3kAAAm', 'oRkesgU_g-Ahqc2eAAAl', 0, 0 ]
[ 0, 0, 0, 0, 0, 0, 0 ]
[ 0, 0, 0, 0, 0, 0, 0 ]
[ 0, 0, 0, 0, 0, 0, 0 ]
[ 0, 0, 0, 'BJhs1B0Al4TAiX3kAAAm', 0, 0, 0 ]
[ 0, 0, 0, 'oRkesgU_g-Ahqc2eAAAl', 0, 0, 0 ]
[ 0,
  0,
  'BJhs1B0Al4TAiX3kAAAm',
  'BJhs1B0Al4TAiX3kAAAm',
  'oRkesgU_g-Ahqc2eAAAl',
  0,
  0 ]
4
2
4
2
[ 0, 0, 0, 0, 0, 0, 0 ]
[ 0, 0, 0, 0, 0, 0, 0 ]
[ 0, 0, 0, 0, 0, 0, 0 ]
[ 0, 0, 0, 'BJhs1B0Al4TAiX3kAAAm', 0, 0, 0 ]
[ 0, 0, 'oRkesgU_g-Ahqc2eAAAl', 'oRkesgU_g-Ahqc2eAAAl', 0, 0, 0 ]
[ 0,
  0,
  'BJhs1B0Al4TAiX3kAAAm',
  'BJhs1B0Al4TAiX3kAAAm',
  'oRkesgU_g-Ahqc2eAAAl',
  0,
  0 ]
3
2
3
2
[ 0, 0, 0, 0, 0, 0, 0 ]
[ 0, 0, 0, 0, 0, 0, 0 ]
[ 0, 0, 0, 0, 0, 0, 0 ]
[ 0, 0, 'BJhs1B0Al4TAiX3kAAAm', 'BJhs1B0Al4TAiX3kAAAm', 0, 0, 0 ]
[ 0, 0, 'oRkesgU_g-Ahqc2eAAAl', 'oRkesgU_g-Ahqc2eAAAl', 0, 0, 0 ]
[ 0,
  0,
  'BJhs1B0Al4TAiX3kAAAm',
  'BJhs1B0Al4TAiX3kAAAm',
  'oRkesgU_g-Ahqc2eAAAl',
  0,
  0 ]
4
4
4
4
[ 0, 0, 0, 0, 0, 0, 0 ]
[ 0, 0, 0, 0, 0, 0, 0 ]
[ 0, 0, 0, 0, 0, 0, 0 ]
[ 0, 0, 'BJhs1B0Al4TAiX3kAAAm', 'BJhs1B0Al4TAiX3kAAAm', 0, 0, 0 ]
[ 0,
  0,
  'oRkesgU_g-Ahqc2eAAAl',
  'oRkesgU_g-Ahqc2eAAAl',
  'oRkesgU_g-Ahqc2eAAAl',
  0,
  0 ]
[ 0,
  0,
  'BJhs1B0Al4TAiX3kAAAm',
  'BJhs1B0Al4TAiX3kAAAm',
  'oRkesgU_g-Ahqc2eAAAl',
  0,
  0 ]
2
3
2
3
3
2
[ 0, 0, 0, 0, 0, 0, 0 ]
[ 0, 0, 0, 0, 0, 0, 0 ]
[ 0, 0, 0, 'BJhs1B0Al4TAiX3kAAAm', 0, 0, 0 ]
[ 0, 0, 'BJhs1B0Al4TAiX3kAAAm', 'BJhs1B0Al4TAiX3kAAAm', 0, 0, 0 ]
[ 0,
  0,
  'oRkesgU_g-Ahqc2eAAAl',
  'oRkesgU_g-Ahqc2eAAAl',
  'oRkesgU_g-Ahqc2eAAAl',
  0,
  0 ]
[ 0,
  0,
  'BJhs1B0Al4TAiX3kAAAm',
  'BJhs1B0Al4TAiX3kAAAm',
  'oRkesgU_g-Ahqc2eAAAl',
  0,
  0 ]
3
4
3
4
4
3
[ 0, 0, 0, 0, 0, 0, 0 ]
[ 0, 0, 0, 0, 0, 0, 0 ]
[ 0, 0, 0, 'BJhs1B0Al4TAiX3kAAAm', 0, 0, 0 ]
[ 0,
  0,
  'BJhs1B0Al4TAiX3kAAAm',
  'BJhs1B0Al4TAiX3kAAAm',
  'oRkesgU_g-Ahqc2eAAAl',
  0,
  0 ]
[ 0,
  0,
  'oRkesgU_g-Ahqc2eAAAl',
  'oRkesgU_g-Ahqc2eAAAl',
  'oRkesgU_g-Ahqc2eAAAl',
  0,
  0 ]
[ 0,
  0,
  'BJhs1B0Al4TAiX3kAAAm',
  'BJhs1B0Al4TAiX3kAAAm',
  'oRkesgU_g-Ahqc2eAAAl',
  0,
  0 ]
2
2
3
3
2
2
[ 0, 0, 0, 0, 0, 0, 0 ]
[ 0, 0, 0, 0, 0, 0, 0 ]
[ 0, 0, 'BJhs1B0Al4TAiX3kAAAm', 'BJhs1B0Al4TAiX3kAAAm', 0, 0, 0 ]
[ 0,
  0,
  'BJhs1B0Al4TAiX3kAAAm',
  'BJhs1B0Al4TAiX3kAAAm',
  'oRkesgU_g-Ahqc2eAAAl',
  0,
  0 ]
[ 0,
  0,
  'oRkesgU_g-Ahqc2eAAAl',
  'oRkesgU_g-Ahqc2eAAAl',
  'oRkesgU_g-Ahqc2eAAAl',
  0,
  0 ]
[ 0,
  0,
  'BJhs1B0Al4TAiX3kAAAm',
  'BJhs1B0Al4TAiX3kAAAm',
  'oRkesgU_g-Ahqc2eAAAl',
  0,
  0 ]
1
2
1
2
[ 0, 0, 0, 0, 0, 0, 0 ]
[ 0, 0, 'oRkesgU_g-Ahqc2eAAAl', 0, 0, 0, 0 ]
[ 0, 0, 'BJhs1B0Al4TAiX3kAAAm', 'BJhs1B0Al4TAiX3kAAAm', 0, 0, 0 ]
[ 0,
  0,
  'BJhs1B0Al4TAiX3kAAAm',
  'BJhs1B0Al4TAiX3kAAAm',
  'oRkesgU_g-Ahqc2eAAAl',
  0,
  0 ]
[ 0,
  0,
  'oRkesgU_g-Ahqc2eAAAl',
  'oRkesgU_g-Ahqc2eAAAl',
  'oRkesgU_g-Ahqc2eAAAl',
  0,
  0 ]
[ 0,
  0,
  'BJhs1B0Al4TAiX3kAAAm',
  'BJhs1B0Al4TAiX3kAAAm',
  'oRkesgU_g-Ahqc2eAAAl',
  0,
  0 ]
1
3
1
3
2
2
[ 0, 0, 0, 0, 0, 0, 0 ]
[ 0, 0, 'oRkesgU_g-Ahqc2eAAAl', 'BJhs1B0Al4TAiX3kAAAm', 0, 0, 0 ]
[ 0, 0, 'BJhs1B0Al4TAiX3kAAAm', 'BJhs1B0Al4TAiX3kAAAm', 0, 0, 0 ]
[ 0,
  0,
  'BJhs1B0Al4TAiX3kAAAm',
  'BJhs1B0Al4TAiX3kAAAm',
  'oRkesgU_g-Ahqc2eAAAl',
  0,
  0 ]
[ 0,
  0,
  'oRkesgU_g-Ahqc2eAAAl',
  'oRkesgU_g-Ahqc2eAAAl',
  'oRkesgU_g-Ahqc2eAAAl',
  0,
  0 ]
[ 0,
  0,
  'BJhs1B0Al4TAiX3kAAAm',
  'BJhs1B0Al4TAiX3kAAAm',
  'oRkesgU_g-Ahqc2eAAAl',
  0,
  0 ]
[ 0, 0, 0, 0, 0, 0, 0 ]
[ 0, 0, 'oRkesgU_g-Ahqc2eAAAl', 'BJhs1B0Al4TAiX3kAAAm', 0, 0, 0 ]
[ 0, 0, 'BJhs1B0Al4TAiX3kAAAm', 'BJhs1B0Al4TAiX3kAAAm', 0, 0, 0 ]
[ 0,
  0,
  'BJhs1B0Al4TAiX3kAAAm',
  'BJhs1B0Al4TAiX3kAAAm',
  'oRkesgU_g-Ahqc2eAAAl',
  0,
  0 ]
[ 0,
  0,
  'oRkesgU_g-Ahqc2eAAAl',
  'oRkesgU_g-Ahqc2eAAAl',
  'oRkesgU_g-Ahqc2eAAAl',
  0,
  0 ]
[ 'oRkesgU_g-Ahqc2eAAAl',
  0,
  'BJhs1B0Al4TAiX3kAAAm',
  'BJhs1B0Al4TAiX3kAAAm',
  'oRkesgU_g-Ahqc2eAAAl',
  0,
  0 ]
/home/edouard_randu/puissance4/back/lib/Grid.js:131
			} while (this.grid[i][j] == userId && j >= 0 && i >= 0);
			                     ^

TypeError: Cannot read property '2' of undefined
    at Grid.compteur_diagonale_haut_gauche_bas_droite (/home/edouard_randu/puissance4/back/lib/Grid.js:131:25)
    at Grid.check_victoire (/home/edouard_randu/puissance4/back/lib/Grid.js:67:9)
    at Grid.play (/home/edouard_randu/puissance4/back/lib/Grid.js:46:11)
    at Socket.<anonymous> (/home/edouard_randu/puissance4/back/lib/app.js:46:20)
    at emitOne (events.js:116:13)
    at Socket.emit (events.js:211:7)
    at /home/edouard_randu/puissance4/back/node_modules/socket.io/lib/socket.js:527:12
    at _combinedTickCallback (internal/process/next_tick.js:131:7)
    at process._tickCallback (internal/process/next_tick.js:180:9)
npm ERR! code ELIFECYCLE
npm ERR! errno 1
npm ERR! puissance4@1.0.0 run: `npm run-script build && node lib/app.js`
npm ERR! Exit status 1
npm ERR! 
npm ERR! Failed at the puissance4@1.0.0 run script.
npm ERR! This is probably not a problem with npm. There is likely additional logging output above.

npm ERR! A complete log of this run can be found in:
npm ERR!     /home/edouard_randu/.npm/_logs/2018-05-17T07_55_47_486Z-debug.log

> puissance4@1.0.0 run /home/edouard_randu/puissance4/back
> npm run-script build && node lib/app.js


> puissance4@1.0.0 build /home/edouard_randu/puissance4/back
> babel src -d lib

src/Grid.js -> lib/Grid.js
src/Player.js -> lib/Player.js
src/app.js -> lib/app.js
src/utils.js -> lib/utils.js
Puissance 4 listening on port 80!
/home/edouard_randu/puissance4/back/src/app.js:1
(function (exports, require, module, __filename, __dirname) { import express from "express";
                                                              ^^^^^^

SyntaxError: Unexpected token import
    at createScript (vm.js:80:10)
    at Object.runInThisContext (vm.js:139:10)
    at Module._compile (module.js:616:28)
    at Object.Module._extensions..js (module.js:663:10)
    at Module.load (module.js:565:32)
    at tryModuleLoad (module.js:505:12)
    at Function.Module._load (module.js:497:3)
    at Function.Module.runMain (module.js:693:10)
    at startup (bootstrap_node.js:188:16)
    at bootstrap_node.js:609:3
/home/edouard_randu/puissance4/back/src/app.js:1
(function (exports, require, module, __filename, __dirname) { import express from "express";
                                                              ^^^^^^

SyntaxError: Unexpected token import
    at createScript (vm.js:80:10)
    at Object.runInThisContext (vm.js:139:10)
    at Module._compile (module.js:616:28)
    at Object.Module._extensions..js (module.js:663:10)
    at Module.load (module.js:565:32)
    at tryModuleLoad (module.js:505:12)
    at Function.Module._load (module.js:497:3)
    at Function.Module.runMain (module.js:693:10)
    at startup (bootstrap_node.js:188:16)
    at bootstrap_node.js:609:3

> puissance4@1.0.0 run /home/edouard_randu/puissance4/back
> npm run-script build && node lib/app.js


> puissance4@1.0.0 build /home/edouard_randu/puissance4/back
> babel src -d lib

src/Grid.js -> lib/Grid.js
src/Player.js -> lib/Player.js
src/app.js -> lib/app.js
src/utils.js -> lib/utils.js
Puissance 4 listening on port 80!
